INFO:sim:172 - Generating IP...
Resolving generics for 'data_memory'...
Applying external generics to 'data_memory'...
Delivering associated files for 'data_memory'...
WARNING:sim - Can't find 'Verilog' synthesis view; using general synthesis view
Delivering EJava files for 'data_memory'...
Generating implementation netlist for 'data_memory'...
INFO:sim - Pre-processing HDL files for 'data_memory'...
Running synthesis for 'data_memory'
Running ngcbuild...
Writing VEO instantiation template for 'data_memory'...
Writing Verilog behavioral simulation model for 'data_memory'...
Generating ASY schematic symbol...
INFO:sim:949 - Finished generation of ASY schematic symbol.
Generating SYM schematic symbol for 'data_memory'...
Generating metadata file...
Generating ISE project...
XCO file found: data_memory.xco
XMDF file found: data_memory_xmdf.tcl
Adding E:/cxy/lab4/ipcore_dir/tmp/_cg/blk_mem_gen_v6_3_readme.txt -view all
-origin_type imported
Adding E:/cxy/lab4/ipcore_dir/tmp/_cg/data_memory.asy -view all -origin_type
imported
Adding E:/cxy/lab4/ipcore_dir/tmp/_cg/data_memory.ngc -view all -origin_type
created
Checking file "E:/cxy/lab4/ipcore_dir/tmp/_cg/data_memory.ngc" for project
device match ...
File "E:/cxy/lab4/ipcore_dir/tmp/_cg/data_memory.ngc" device information matches
project device.
Adding E:/cxy/lab4/ipcore_dir/tmp/_cg/data_memory.sym -view all -origin_type
imported
Adding E:/cxy/lab4/ipcore_dir/tmp/_cg/data_memory.v -view all -origin_type
created
INFO:HDLCompiler:1845 - Analyzing Verilog file
   "E:/cxy/lab4/ipcore_dir/tmp/_cg/data_memory.v" into library work
INFO:ProjectMgmt - Parsing design hierarchy completed successfully.
Adding E:/cxy/lab4/ipcore_dir/tmp/_cg/data_memory.veo -view all -origin_type
imported
INFO:TclTasksC:2116 - The automatic calculation of top has been turned-off.
   Please set the new top explicitly by running the "project set top" command.
   To re-calculate the new top automatically, set the "Auto Implementation Top"
   property to true.
Top level has been set to "/data_memory"
Generating README file...
Generating FLIST file...
INFO:sim:948 - Finished FLIST file generation.
Launching README viewer...
Moving files to output directory...
Finished moving files to output directory
Wrote CGP file for project 'data_memory'.
